<?xml version="1.0" encoding="UTF-8"?>
<testng-results ignored="0" total="5" passed="4" failed="1" skipped="0">
  <reporter-output>
  </reporter-output>
  <suite started-at="2024-03-07T23:08:30 IST" name="Suite" finished-at="2024-03-07T23:08:52 IST" duration-ms="21561">
    <groups>
      <group name="errorhandling">
        <method signature="ErrorValidation.loginErrorValidation()[pri:0, instance:Package3.ErrorValidation@336f1079]" name="loginErrorValidation" class="Package3.ErrorValidation"/>
      </group> <!-- errorhandling -->
      <group name="purchase">
        <method signature="Endtoend.submitOrder(java.util.HashMap)[pri:0, instance:Package3.Endtoend@5f354bcf]" name="submitOrder" class="Package3.Endtoend"/>
      </group> <!-- purchase -->
    </groups>
    <test started-at="2024-03-07T23:08:30 IST" name="ErrorValidation test" finished-at="2024-03-07T23:08:52 IST" duration-ms="21258">
      <class name="Package3.ErrorValidation">
        <test-method is-config="true" signature="launchAplication()[pri:0, instance:Package3.ErrorValidation@336f1079]" started-at="2024-03-07T23:08:30 IST" name="launchAplication" finished-at="2024-03-07T23:08:36 IST" duration-ms="5240" status="PASS">
          <reporter-output>
          </reporter-output>
        </test-method> <!-- launchAplication -->
        <test-method signature="loginErrorValidation()[pri:0, instance:Package3.ErrorValidation@336f1079]" started-at="2024-03-07T23:08:36 IST" name="loginErrorValidation" finished-at="2024-03-07T23:08:36 IST" duration-ms="662" status="PASS">
          <reporter-output>
          </reporter-output>
        </test-method> <!-- loginErrorValidation -->
        <test-method is-config="true" signature="tearDown()[pri:0, instance:Package3.ErrorValidation@336f1079]" started-at="2024-03-07T23:08:36 IST" name="tearDown" finished-at="2024-03-07T23:08:37 IST" duration-ms="157" status="PASS">
          <reporter-output>
          </reporter-output>
        </test-method> <!-- tearDown -->
        <test-method is-config="true" signature="launchAplication()[pri:0, instance:Package3.ErrorValidation@336f1079]" started-at="2024-03-07T23:08:37 IST" name="launchAplication" finished-at="2024-03-07T23:08:40 IST" duration-ms="3848" status="PASS">
          <reporter-output>
          </reporter-output>
        </test-method> <!-- launchAplication -->
        <test-method signature="productErrorValidation()[pri:0, instance:Package3.ErrorValidation@336f1079]" started-at="2024-03-07T23:08:40 IST" name="productErrorValidation" finished-at="2024-03-07T23:08:51 IST" duration-ms="10537" status="FAIL">
          <exception class="org.openqa.selenium.TimeoutException">
            <message>
              <![CDATA[Expected condition failed: waiting for visibility of element located by By.cssSelector: .mb-3 (tried for 5 second(s) with 500 milliseconds interval)
Build info: version: '4.15.0', revision: '1d14b5521b'
System info: os.name: 'Windows 11', os.arch: 'amd64', os.version: '10.0', java.version: '17.0.10'
Driver info: org.openqa.selenium.chrome.ChromeDriver
Capabilities {acceptInsecureCerts: false, browserName: chrome, browserVersion: 122.0.6261.111, chrome: {chromedriverVersion: 122.0.6261.94 (880dbf29479c..., userDataDir: C:\Users\sabha\AppData\Loca...}, fedcm:accounts: true, goog:chromeOptions: {debuggerAddress: localhost:59589}, networkConnectionEnabled: false, pageLoadStrategy: normal, platformName: windows, proxy: Proxy(), se:cdp: ws://localhost:59589/devtoo..., se:cdpVersion: 122.0.6261.111, setWindowRect: true, strictFileInteractability: false, timeouts: {implicit: 0, pageLoad: 300000, script: 30000}, unhandledPromptBehavior: dismiss and notify, webauthn:extension:credBlob: true, webauthn:extension:largeBlob: true, webauthn:extension:minPinLength: true, webauthn:extension:prf: true, webauthn:virtualAuthenticators: true}
Session ID: 17754037b7a7c7236472d1ce98e08e4a]]>
            </message>
            <full-stacktrace>
              <![CDATA[org.openqa.selenium.TimeoutException: Expected condition failed: waiting for visibility of element located by By.cssSelector: .mb-3 (tried for 5 second(s) with 500 milliseconds interval)
Build info: version: '4.15.0', revision: '1d14b5521b'
System info: os.name: 'Windows 11', os.arch: 'amd64', os.version: '10.0', java.version: '17.0.10'
Driver info: org.openqa.selenium.chrome.ChromeDriver
Capabilities {acceptInsecureCerts: false, browserName: chrome, browserVersion: 122.0.6261.111, chrome: {chromedriverVersion: 122.0.6261.94 (880dbf29479c..., userDataDir: C:\Users\sabha\AppData\Loca...}, fedcm:accounts: true, goog:chromeOptions: {debuggerAddress: localhost:59589}, networkConnectionEnabled: false, pageLoadStrategy: normal, platformName: windows, proxy: Proxy(), se:cdp: ws://localhost:59589/devtoo..., se:cdpVersion: 122.0.6261.111, setWindowRect: true, strictFileInteractability: false, timeouts: {implicit: 0, pageLoad: 300000, script: 30000}, unhandledPromptBehavior: dismiss and notify, webauthn:extension:credBlob: true, webauthn:extension:largeBlob: true, webauthn:extension:minPinLength: true, webauthn:extension:prf: true, webauthn:virtualAuthenticators: true}
Session ID: 17754037b7a7c7236472d1ce98e08e4a
at org.openqa.selenium.support.ui.WebDriverWait.timeoutException(WebDriverWait.java:84)
at org.openqa.selenium.support.ui.FluentWait.until(FluentWait.java:229)
at greenKart.Abstractcomponent.Abstractcomponents.waitForElementtoAppear(Abstractcomponents.java:35)
at greenKart.pageobject.CataloguePage.getProductList(CataloguePage.java:38)
at Package3.ErrorValidation.productErrorValidation(ErrorValidation.java:41)
at java.base/jdk.internal.reflect.NativeMethodAccessorImpl.invoke0(Native Method)
at java.base/jdk.internal.reflect.NativeMethodAccessorImpl.invoke(NativeMethodAccessorImpl.java:77)
at java.base/jdk.internal.reflect.DelegatingMethodAccessorImpl.invoke(DelegatingMethodAccessorImpl.java:43)
at java.base/java.lang.reflect.Method.invoke(Method.java:568)
at org.testng.internal.MethodInvocationHelper.invokeMethod(MethodInvocationHelper.java:133)
at org.testng.internal.TestInvoker.invokeMethod(TestInvoker.java:598)
at org.testng.internal.TestInvoker.invokeTestMethod(TestInvoker.java:173)
at org.testng.internal.MethodRunner.runInSequence(MethodRunner.java:46)
at org.testng.internal.TestInvoker$MethodInvocationAgent.invoke(TestInvoker.java:824)
at org.testng.internal.TestInvoker.invokeTestMethods(TestInvoker.java:146)
at org.testng.internal.TestMethodWorker.invokeTestMethods(TestMethodWorker.java:146)
at org.testng.internal.TestMethodWorker.run(TestMethodWorker.java:128)
at java.base/java.util.ArrayList.forEach(ArrayList.java:1511)
at org.testng.TestRunner.privateRun(TestRunner.java:794)
at org.testng.TestRunner.run(TestRunner.java:596)
at org.testng.SuiteRunner.runTest(SuiteRunner.java:377)
at org.testng.SuiteRunner.access$000(SuiteRunner.java:28)
at org.testng.SuiteRunner$SuiteWorker.run(SuiteRunner.java:418)
at org.testng.internal.thread.ThreadUtil.lambda$execute$0(ThreadUtil.java:64)
at java.base/java.util.concurrent.FutureTask.run(FutureTask.java:264)
at java.base/java.util.concurrent.ThreadPoolExecutor.runWorker(ThreadPoolExecutor.java:1136)
at java.base/java.util.concurrent.ThreadPoolExecutor$Worker.run(ThreadPoolExecutor.java:635)
at java.base/java.lang.Thread.run(Thread.java:840)
]]>
            </full-stacktrace>
          </exception> <!-- org.openqa.selenium.TimeoutException -->
          <reporter-output>
          </reporter-output>
        </test-method> <!-- productErrorValidation -->
        <test-method is-config="true" signature="tearDown()[pri:0, instance:Package3.ErrorValidation@336f1079]" started-at="2024-03-07T23:08:52 IST" name="tearDown" finished-at="2024-03-07T23:08:52 IST" duration-ms="191" status="PASS">
          <reporter-output>
          </reporter-output>
        </test-method> <!-- tearDown -->
      </class> <!-- Package3.ErrorValidation -->
    </test> <!-- ErrorValidation test -->
    <test started-at="2024-03-07T23:08:30 IST" name="Endtoend test" finished-at="2024-03-07T23:08:52 IST" duration-ms="21561">
      <class name="Package3.Endtoend">
        <test-method is-config="true" signature="launchAplication()[pri:0, instance:Package3.Endtoend@5f354bcf]" started-at="2024-03-07T23:08:30 IST" name="launchAplication" finished-at="2024-03-07T23:08:35 IST" duration-ms="4927" status="PASS">
          <reporter-output>
          </reporter-output>
        </test-method> <!-- launchAplication -->
        <test-method signature="submitOrder(java.util.HashMap)[pri:0, instance:Package3.Endtoend@5f354bcf]" started-at="2024-03-07T23:08:35 IST" name="submitOrder" data-provider="getData" finished-at="2024-03-07T23:08:39 IST" duration-ms="3685" status="PASS">
          <params>
            <param index="0">
              <value>
                <![CDATA[{password=Anisha@123, product=ZARA COAT 3, email=anishakhan@gmail.com}]]>
              </value>
            </param>
          </params>
          <reporter-output>
          </reporter-output>
        </test-method> <!-- submitOrder -->
        <test-method is-config="true" signature="tearDown()[pri:0, instance:Package3.Endtoend@5f354bcf]" started-at="2024-03-07T23:08:39 IST" name="tearDown" finished-at="2024-03-07T23:08:39 IST" duration-ms="186" status="PASS">
          <reporter-output>
          </reporter-output>
        </test-method> <!-- tearDown -->
        <test-method is-config="true" signature="launchAplication()[pri:0, instance:Package3.Endtoend@5f354bcf]" started-at="2024-03-07T23:08:39 IST" name="launchAplication" finished-at="2024-03-07T23:08:43 IST" duration-ms="3863" status="PASS">
          <reporter-output>
          </reporter-output>
        </test-method> <!-- launchAplication -->
        <test-method signature="submitOrder(java.util.HashMap)[pri:0, instance:Package3.Endtoend@5f354bcf]" started-at="2024-03-07T23:08:43 IST" name="submitOrder" data-provider="getData" finished-at="2024-03-07T23:08:48 IST" duration-ms="4447" status="PASS">
          <params>
            <param index="0">
              <value>
                <![CDATA[{password=Minal@12, product=ADIDAS ORIGINAL, email=minalara12@gmail.com}]]>
              </value>
            </param>
          </params>
          <reporter-output>
          </reporter-output>
        </test-method> <!-- submitOrder -->
        <test-method is-config="true" signature="tearDown()[pri:0, instance:Package3.Endtoend@5f354bcf]" started-at="2024-03-07T23:08:48 IST" name="tearDown" finished-at="2024-03-07T23:08:48 IST" duration-ms="248" status="PASS">
          <reporter-output>
          </reporter-output>
        </test-method> <!-- tearDown -->
        <test-method is-config="true" signature="launchAplication()[pri:0, instance:Package3.Endtoend@5f354bcf]" started-at="2024-03-07T23:08:48 IST" name="launchAplication" finished-at="2024-03-07T23:08:51 IST" duration-ms="2946" status="PASS">
          <reporter-output>
          </reporter-output>
        </test-method> <!-- launchAplication -->
        <test-method signature="OrderHistoryTest()[pri:0, instance:Package3.Endtoend@5f354bcf]" started-at="2024-03-07T23:08:51 IST" name="OrderHistoryTest" finished-at="2024-03-07T23:08:52 IST" depends-on-methods="Package3.Endtoend.submitOrder" duration-ms="1056" status="PASS">
          <reporter-output>
          </reporter-output>
        </test-method> <!-- OrderHistoryTest -->
        <test-method is-config="true" signature="tearDown()[pri:0, instance:Package3.Endtoend@5f354bcf]" started-at="2024-03-07T23:08:52 IST" name="tearDown" finished-at="2024-03-07T23:08:52 IST" duration-ms="151" status="PASS">
          <reporter-output>
          </reporter-output>
        </test-method> <!-- tearDown -->
      </class> <!-- Package3.Endtoend -->
    </test> <!-- Endtoend test -->
  </suite> <!-- Suite -->
</testng-results>
