<?xml version="1.0" encoding="UTF-8"?>
<!-- Generated by org.testng.reporters.JUnitXMLReporter -->
<testsuite ignored="0" hostname="HP" failures="0" tests="3" name="Endtoend test" time="21.561" errors="0" timestamp="2024-03-07T23:08:52 IST">
  <testcase classname="Package3.Endtoend" name="submitOrder" time="3.685"/>
  <testcase classname="Package3.Endtoend" name="submitOrder" time="4.447"/>
  <testcase classname="Package3.Endtoend" name="OrderHistoryTest" time="1.056"/>
</testsuite> <!-- Endtoend test -->
